Arguments: 
  /usr/local/Cellar/node/15.5.1/bin/node /usr/local/bin/yarn install --production --ignore-optional --silent

PATH: 
  /Library/Frameworks/Python.framework/Versions/3.8/bin:/Library/Frameworks/Python.framework/Versions/3.9/bin:/usr/local/bin:/usr/bin:/bin:/usr/sbin:/sbin:/Applications/VMware Fusion.app/Contents/Public:/Library/Apple/usr/bin

Yarn version: 
  1.22.10

Node version: 
  15.5.1

Platform: 
  darwin x64

Trace: 
  Error: https://registry.yarnpkg.com/hexo: ETIMEDOUT
      at Timeout._onTimeout (/usr/local/lib/node_modules/yarn/lib/cli.js:141322:19)
      at listOnTimeout (node:internal/timers:556:17)
      at processTimers (node:internal/timers:499:7)

npm manifest: 
  {
    "name": "hexo-site",
    "version": "0.0.0",
    "private": true,
    "scripts": {
      "build": "hexo generate",
      "clean": "hexo clean",
      "deploy": "hexo deploy",
      "server": "hexo server"
    },
    "hexo": {
      "version": ""
    },
    "dependencies": {
      "hexo": "^5.0.0",
      "hexo-generator-archive": "^1.0.0",
      "hexo-generator-category": "^1.0.0",
      "hexo-generator-index": "^2.0.0",
      "hexo-generator-tag": "^1.0.0",
      "hexo-renderer-ejs": "^1.0.0",
      "hexo-renderer-marked": "^4.0.0",
      "hexo-renderer-stylus": "^2.0.0",
      "hexo-server": "^2.0.0",
      "hexo-theme-landscape": "^0.0.3"
    }
  }

yarn manifest: 
  No manifest

Lockfile: 
  No lockfile
